<?xml version="1.0" encoding="UTF-8"?>
<testsuites>
  <testsuite name="Sirolad\Test\FormatterTest" file="/home/sirolad/snippets/checkpoints/potatoORM/tests/FormatterTest.php" tests="4" assertions="7" failures="1" errors="0" time="0.290784">
    <testcase name="testdecideS" class="Sirolad\Test\FormatterTest" file="/home/sirolad/snippets/checkpoints/potatoORM/tests/FormatterTest.php" line="9" assertions="3" time="0.136551"/>
    <testcase name="testGenerateUnnamedPlaceholders" class="Sirolad\Test\FormatterTest" file="/home/sirolad/snippets/checkpoints/potatoORM/tests/FormatterTest.php" line="16" assertions="2" time="0.062514"/>
    <testcase name="testTokenize" class="Sirolad\Test\FormatterTest" file="/home/sirolad/snippets/checkpoints/potatoORM/tests/FormatterTest.php" line="22" assertions="1" time="0.014592"/>
    <testcase name="testMakeAssociativeArray" class="Sirolad\Test\FormatterTest" file="/home/sirolad/snippets/checkpoints/potatoORM/tests/FormatterTest.php" line="27" assertions="1" time="0.077127">
      <failure type="PHPUnit_Framework_ExpectationFailedException">Sirolad\Test\FormatterTest::testMakeAssociativeArray
Failed asserting that two arrays are equal.
--- Expected
+++ Actual
@@ @@
 Array (
     0 =&gt; 'token=NULL'
-    1 =&gt; 'token_expire='today''
+    1 =&gt; 'token_expire="today"'
 )

/home/sirolad/snippets/checkpoints/potatoORM/tests/FormatterTest.php:29
</failure>
    </testcase>
  </testsuite>
</testsuites>
